Determining if the pthread_create exist failed with the following output:
Change Dir: /home/yobot/ROS/catkin_ws2/build/CMakeFiles/CMakeTmp

Run Build Command:/usr/bin/make "cmTryCompileExec467447712/fast"
/usr/bin/make -f CMakeFiles/cmTryCompileExec467447712.dir/build.make CMakeFiles/cmTryCompileExec467447712.dir/build
make[1]: 正在进入目录 `/home/yobot/ROS/catkin_ws2/build/CMakeFiles/CMakeTmp'
/usr/bin/cmake -E cmake_progress_report /home/yobot/ROS/catkin_ws2/build/CMakeFiles/CMakeTmp/CMakeFiles 1
Building C object CMakeFiles/cmTryCompileExec467447712.dir/CheckSymbolExists.c.o
/usr/bin/cc    -o CMakeFiles/cmTryCompileExec467447712.dir/CheckSymbolExists.c.o   -c /home/yobot/ROS/catkin_ws2/build/CMakeFiles/CMakeTmp/CheckSymbolExists.c
Linking C executable cmTryCompileExec467447712
/usr/bin/cmake -E cmake_link_script CMakeFiles/cmTryCompileExec467447712.dir/link.txt --verbose=1
/usr/bin/cc       CMakeFiles/cmTryCompileExec467447712.dir/CheckSymbolExists.c.o  -o cmTryCompileExec467447712 -rdynamic 
CMakeFiles/cmTryCompileExec467447712.dir/CheckSymbolExists.c.o：在函数‘main’中：
CheckSymbolExists.c:(.text+0x16)：对‘pthread_create’未定义的引用
collect2: error: ld returned 1 exit status
make[1]: *** [cmTryCompileExec467447712] 错误 1
make[1]:正在离开目录 `/home/yobot/ROS/catkin_ws2/build/CMakeFiles/CMakeTmp'
make: *** [cmTryCompileExec467447712/fast] 错误 2

File /home/yobot/ROS/catkin_ws2/build/CMakeFiles/CMakeTmp/CheckSymbolExists.c:
/* */
#include <pthread.h>

int main(int argc, char** argv)
{
  (void)argv;
#ifndef pthread_create
  return ((int*)(&pthread_create))[argc];
#else
  (void)argc;
  return 0;
#endif
}

Determining if the function pthread_create exists in the pthreads failed with the following output:
Change Dir: /home/yobot/ROS/catkin_ws2/build/CMakeFiles/CMakeTmp

Run Build Command:/usr/bin/make "cmTryCompileExec1438064072/fast"
/usr/bin/make -f CMakeFiles/cmTryCompileExec1438064072.dir/build.make CMakeFiles/cmTryCompileExec1438064072.dir/build
make[1]: 正在进入目录 `/home/yobot/ROS/catkin_ws2/build/CMakeFiles/CMakeTmp'
/usr/bin/cmake -E cmake_progress_report /home/yobot/ROS/catkin_ws2/build/CMakeFiles/CMakeTmp/CMakeFiles 1
Building C object CMakeFiles/cmTryCompileExec1438064072.dir/CheckFunctionExists.c.o
/usr/bin/cc   -DCHECK_FUNCTION_EXISTS=pthread_create   -o CMakeFiles/cmTryCompileExec1438064072.dir/CheckFunctionExists.c.o   -c /usr/share/cmake-2.8/Modules/CheckFunctionExists.c
Linking C executable cmTryCompileExec1438064072
/usr/bin/cmake -E cmake_link_script CMakeFiles/cmTryCompileExec1438064072.dir/link.txt --verbose=1
/usr/bin/cc   -DCHECK_FUNCTION_EXISTS=pthread_create    CMakeFiles/cmTryCompileExec1438064072.dir/CheckFunctionExists.c.o  -o cmTryCompileExec1438064072 -rdynamic -lpthreads 
/usr/bin/ld: 找不到 -lpthreads
collect2: error: ld returned 1 exit status
make[1]:正在离开目录 `/home/yobot/ROS/catkin_ws2/build/CMakeFiles/CMakeTmp'
make[1]: *** [cmTryCompileExec1438064072] 错误 1
make: *** [cmTryCompileExec1438064072/fast] 错误 2


